<?xml version="1.0" encoding="UTF-8"?>
<TestRun id="2074922f-567e-46e5-8a4d-f4395a442217" name="Bob Cravens@HPPAV1 2009-10-24 22:59:30" runUser="HPPav1\Bob Cravens" xmlns="http://microsoft.com/schemas/VisualStudio/TeamTest/2006">
  <TestRunConfiguration name="Local Test Run" id="56f06782-4050-48e5-9586-e7333cca60f8">
    <Description>This is a default test run configuration for a local test run.</Description>
    <Deployment runDeploymentRoot="C:\Code\DOTNET\Cron\TestResults\Bob Cravens_HPPAV1 2009-10-24 22_59_30">
      <DeploymentItem filename="C:\Code\DOTNET\Cron\Cron\bin\Debug\Rlc.Cron.dll" />
    </Deployment>
    <TestTypeSpecific />
  </TestRunConfiguration>
  <ResultSummary outcome="Error">
    <Counters total="1" executed="1" error="0" failed="0" timeout="0" aborted="1" inconclusive="0" passedButRunAborted="0" notRunnable="0" notExecuted="0" disconnected="0" warning="0" passed="0" completed="0" inProgress="0" pending="0" />
    <RunInfos>
      <RunInfo computerName="HPPAV1" outcome="Error" timestamp="2009-10-24T23:00:15.4629615-05:00">
        <Text>Test host process exited unexpectedly.</Text>
      </RunInfo>
    </RunInfos>
  </ResultSummary>
  <Times creation="2009-10-24T22:59:30.7804058-05:00" queuing="2009-10-24T22:59:32.5315060-05:00" start="2009-10-24T22:59:32.6935152-05:00" finish="2009-10-24T23:00:15.4639616-05:00" />
  <TestDefinitions>
    <UnitTest name="Stop_Raises_OnThreadAbort_IfNotAbleToStopOnOwn" storage="c:\code\dotnet\cron\crontests\bin\debug\rlc.cron.tests.dll" id="dce2e622-d59d-bca5-76a4-6c135f15760d">
      <Css projectStructure="" iteration="" />
      <Owners>
        <Owner name="" />
      </Owners>
      <Execution id="5ae9c8d9-1bd0-4dda-92f4-403d0ba1f5db" />
      <TestMethod codeBase="C:\Code\DOTNET\Cron\CronTests\bin\Debug\Rlc.Cron.Tests.dll" adapterTypeName="Microsoft.VisualStudio.TestTools.TestTypes.Unit.UnitTestAdapter, Microsoft.VisualStudio.QualityTools.Tips.UnitTest.Adapter, Version=9.0.0.0, Culture=neutral, PublicKeyToken=b03f5f7f11d50a3a" className="Rlc.Cron.Tests.CronEventManagerTests, Rlc.Cron.Tests" name="Stop_Raises_OnThreadAbort_IfNotAbleToStopOnOwn" />
    </UnitTest>
  </TestDefinitions>
  <TestLists>
    <TestList name="Results Not in a List" id="8c84fa94-04c1-424b-9868-57a2d4851a1d" />
    <TestList name="All Loaded Results" id="19431567-8539-422a-85d7-44ee4e166bda" />
  </TestLists>
  <TestEntries>
    <TestEntry testId="dce2e622-d59d-bca5-76a4-6c135f15760d" executionId="9eb424f1-aeba-4a21-9046-ba61a351a21a" testListId="8c84fa94-04c1-424b-9868-57a2d4851a1d" />
  </TestEntries>
  <Results>
    <UnitTestResult executionId="9eb424f1-aeba-4a21-9046-ba61a351a21a" testId="dce2e622-d59d-bca5-76a4-6c135f15760d" testName="Stop_Raises_OnThreadAbort_IfNotAbleToStopOnOwn" computerName="HPPAV1" duration="00:00:42.5634345" startTime="2009-10-24T22:59:32.9005271-05:00" endTime="2009-10-24T23:00:15.4639616-05:00" testType="13cdc9d9-ddb5-4fa4-a97d-d965ccfc6d4b" outcome="Aborted" testListId="8c84fa94-04c1-424b-9868-57a2d4851a1d">
    </UnitTestResult>
  </Results>
</TestRun>